Build started 10/10/2012 3:36:07 PM.
     1>Project "C:\Users\Anton\Documents\School\SeniorYear\CSE455\skeleton\skeleton\iScissor.vcxproj" on node 2 (build target(s)).
     1>InitializeBuildStatus:
         Creating ".\Debug\iScissor.unsuccessfulbuild" because "AlwaysCreate" was specified.
       ClCompile:
         c:\Program Files (x86)\Microsoft Visual Studio 10.0\VC\bin\CL.exe /c /I. /ZI /nologo /W3 /WX- /Od /Oy- /D WIN32 /D _DEBUG /D _CONSOLE /D _MBCS /Gm- /EHsc /RTC1 /MDd /GS /fp:precise /Zc:wchar_t /Zc:forScope /Fo".\Debug/" /Fd".\Debug/vc100.pdb" /Gd /TP /analyze- /errorReport:prompt src\iScissor.cpp
         iScissor.cpp
     1>c:\users\anton\documents\school\senioryear\cse455\skeleton\skeleton\src\imagelib\image.h(163): warning C4996: 'strcpy': This function or variable may be unsafe. Consider using strcpy_s instead. To disable deprecation, use _CRT_SECURE_NO_WARNINGS. See online help for details.
                 c:\program files (x86)\microsoft visual studio 10.0\vc\include\string.h(105) : see declaration of 'strcpy'
     1>c:\users\anton\documents\school\senioryear\cse455\skeleton\skeleton\src\imagelib\image.h(164): warning C4996: 'sprintf': This function or variable may be unsafe. Consider using sprintf_s instead. To disable deprecation, use _CRT_SECURE_NO_WARNINGS. See online help for details.
                 c:\program files (x86)\microsoft visual studio 10.0\vc\include\stdio.h(371) : see declaration of 'sprintf'
     1>c:\users\anton\documents\school\senioryear\cse455\skeleton\skeleton\src\imagelib\image.h(165): warning C4996: 'sprintf': This function or variable may be unsafe. Consider using sprintf_s instead. To disable deprecation, use _CRT_SECURE_NO_WARNINGS. See online help for details.
                 c:\program files (x86)\microsoft visual studio 10.0\vc\include\stdio.h(371) : see declaration of 'sprintf'
     1>c:\users\anton\documents\school\senioryear\cse455\skeleton\skeleton\src\imagelib\image.h(166): warning C4996: 'sprintf': This function or variable may be unsafe. Consider using sprintf_s instead. To disable deprecation, use _CRT_SECURE_NO_WARNINGS. See online help for details.
                 c:\program files (x86)\microsoft visual studio 10.0\vc\include\stdio.h(371) : see declaration of 'sprintf'
     1>c:\users\anton\documents\school\senioryear\cse455\skeleton\skeleton\src\imagelib\image.h(168): warning C4996: 'sprintf': This function or variable may be unsafe. Consider using sprintf_s instead. To disable deprecation, use _CRT_SECURE_NO_WARNINGS. See online help for details.
                 c:\program files (x86)\microsoft visual studio 10.0\vc\include\stdio.h(371) : see declaration of 'sprintf'
     1>c:\users\anton\documents\school\senioryear\cse455\skeleton\skeleton\src\iscissor.cpp(297): warning C4101: 'nbrIndex' : unreferenced local variable
       ManifestResourceCompile:
         All outputs are up-to-date.
       Link:
         c:\Program Files (x86)\Microsoft Visual Studio 10.0\VC\bin\link.exe /ERRORREPORT:PROMPT /OUT:".\Debug/iScissor.exe" /INCREMENTAL /NOLOGO /LIBPATH:lib fltk.lib fltkgl.lib fltkgld.lib fltkimagesd.lib comctl32.lib fltkd.lib odbc32.lib odbccp32.lib opengl32.lib glu32.lib wsock32.lib kernel32.lib user32.lib gdi32.lib winspool.lib comdlg32.lib advapi32.lib shell32.lib ole32.lib oleaut32.lib uuid.lib odbc32.lib odbccp32.lib /NODEFAULTLIB:libcd /MANIFEST /ManifestFile:".\Debug\iScissor.exe.intermediate.manifest" /MANIFESTUAC:"level='asInvoker' uiAccess='false'" /DEBUG /PDB:".\Debug/iScissor.pdb" /SUBSYSTEM:CONSOLE /TLBID:1 /DYNAMICBASE /NXCOMPAT /IMPLIB:".\Debug\iScissor.lib" /MACHINE:X86 .\Debug\iScissor.exe.embed.manifest.res
         .\Debug/BrushConfigUI.obj
         .\Debug/correlation.obj
         .\Debug/FltDesignUI.obj
         .\Debug/HelpPageUI.obj
         .\Debug/ImgFilterUI.obj
         .\Debug/ImgFltAux.obj
         .\Debug/ImgFltMain.obj
         .\Debug/ImgView.obj
         .\Debug/iScissor.obj
         .\Debug/ScissorPanelUI.obj
         .\Debug/FileIO.obj
         .\Debug/Image.obj
         .\Debug/RefCntMem.obj /MACHINE:I386 
       Manifest:
         C:\Program Files (x86)\Microsoft SDKs\Windows\v7.0A\bin\mt.exe /nologo /verbose /out:".\Debug\iScissor.exe.embed.manifest" /manifest .\Debug\iScissor.exe.intermediate.manifest
         All outputs are up-to-date.
       LinkEmbedManifest:
         All outputs are up-to-date.
         iScissor.vcxproj -> C:\Users\Anton\Documents\School\SeniorYear\CSE455\skeleton\skeleton\.\Debug\iScissor.exe
       FinalizeBuildStatus:
         Deleting file ".\Debug\iScissor.unsuccessfulbuild".
         Touching ".\Debug\iScissor.lastbuildstate".
     1>Done Building Project "C:\Users\Anton\Documents\School\SeniorYear\CSE455\skeleton\skeleton\iScissor.vcxproj" (build target(s)).

Build succeeded.

Time Elapsed 00:00:02.05
