C:\Users\Anton\Documents\School\SeniorYear\CSE455\skeleton\skeleton\.\Release\iScissor.exe
C:\Users\Anton\Documents\School\SeniorYear\CSE455\skeleton\skeleton\.\Release\iScissor.exe.intermediate.manifest
C:\USERS\ANTON\DOCUMENTS\SCHOOL\SENIORYEAR\CSE455\SKELETON\SKELETON\RELEASE\BRUSHCONFIGUI.OBJ
C:\Users\Anton\Documents\School\SeniorYear\CSE455\skeleton\skeleton\Release\cl.command.1.tlog
C:\Users\Anton\Documents\School\SeniorYear\CSE455\skeleton\skeleton\Release\CL.read.1.tlog
C:\Users\Anton\Documents\School\SeniorYear\CSE455\skeleton\skeleton\Release\CL.write.1.tlog
C:\USERS\ANTON\DOCUMENTS\SCHOOL\SENIORYEAR\CSE455\SKELETON\SKELETON\RELEASE\CORRELATION.OBJ
C:\USERS\ANTON\DOCUMENTS\SCHOOL\SENIORYEAR\CSE455\SKELETON\SKELETON\RELEASE\FILEIO.OBJ
C:\USERS\ANTON\DOCUMENTS\SCHOOL\SENIORYEAR\CSE455\SKELETON\SKELETON\RELEASE\FLTDESIGNUI.OBJ
C:\USERS\ANTON\DOCUMENTS\SCHOOL\SENIORYEAR\CSE455\SKELETON\SKELETON\RELEASE\HELPPAGEUI.OBJ
C:\USERS\ANTON\DOCUMENTS\SCHOOL\SENIORYEAR\CSE455\SKELETON\SKELETON\RELEASE\IMAGE.OBJ
C:\USERS\ANTON\DOCUMENTS\SCHOOL\SENIORYEAR\CSE455\SKELETON\SKELETON\RELEASE\IMGFILTERUI.OBJ
C:\USERS\ANTON\DOCUMENTS\SCHOOL\SENIORYEAR\CSE455\SKELETON\SKELETON\RELEASE\IMGFLTAUX.OBJ
C:\USERS\ANTON\DOCUMENTS\SCHOOL\SENIORYEAR\CSE455\SKELETON\SKELETON\RELEASE\IMGFLTMAIN.OBJ
C:\USERS\ANTON\DOCUMENTS\SCHOOL\SENIORYEAR\CSE455\SKELETON\SKELETON\RELEASE\IMGVIEW.OBJ
C:\USERS\ANTON\DOCUMENTS\SCHOOL\SENIORYEAR\CSE455\SKELETON\SKELETON\RELEASE\ISCISSOR.EXE
C:\USERS\ANTON\DOCUMENTS\SCHOOL\SENIORYEAR\CSE455\SKELETON\SKELETON\RELEASE\ISCISSOR.EXE.INTERMEDIATE.MANIFEST
C:\USERS\ANTON\DOCUMENTS\SCHOOL\SENIORYEAR\CSE455\SKELETON\SKELETON\RELEASE\ISCISSOR.OBJ
C:\Users\Anton\Documents\School\SeniorYear\CSE455\skeleton\skeleton\Release\link.command.1.tlog
C:\Users\Anton\Documents\School\SeniorYear\CSE455\skeleton\skeleton\Release\link.read.1.tlog
C:\Users\Anton\Documents\School\SeniorYear\CSE455\skeleton\skeleton\Release\link.write.1.tlog
C:\Users\Anton\Documents\School\SeniorYear\CSE455\skeleton\skeleton\Release\mt.command.1.tlog
C:\Users\Anton\Documents\School\SeniorYear\CSE455\skeleton\skeleton\Release\mt.read.1.tlog
C:\Users\Anton\Documents\School\SeniorYear\CSE455\skeleton\skeleton\Release\mt.write.1.tlog
C:\USERS\ANTON\DOCUMENTS\SCHOOL\SENIORYEAR\CSE455\SKELETON\SKELETON\RELEASE\REFCNTMEM.OBJ
C:\USERS\ANTON\DOCUMENTS\SCHOOL\SENIORYEAR\CSE455\SKELETON\SKELETON\RELEASE\SCISSORPANELUI.OBJ
C:\USERS\ANTON\DOCUMENTS\SCHOOL\SENIORYEAR\CSE455\SKELETON\SKELETON\RELEASE\VC100.PDB
