Build started 11/19/2012 3:02:44 PM.
     1>Project "C:\Users\Anton\Documents\GitHub\cse455\Project3\skeleton\PSM\Psm.vcxproj" on node 2 (build target(s)).
     1>InitializeBuildStatus:
         Creating "Release\Psm.unsuccessfulbuild" because "AlwaysCreate" was specified.
       ClCompile:
         c:\Program Files (x86)\Microsoft Visual Studio 10.0\VC\bin\CL.exe /c /I.\FLTK\ /nologo /W3 /WX- /O2 /Oy- /D WIN32 /D NDEBUG /D _CONSOLE /D _CRT_SECURE_NO_WARNINGS /D _VC80_UPGRADE=0x0710 /D _MBCS /Gm- /EHsc /MD /GS /fp:precise /Zc:wchar_t /Zc:forScope /Fo"Release\\" /Fd"Release\vc100.pdb" /Gd /TP /analyze- /errorReport:prompt src\Normals.cpp
         Normals.cpp
       ManifestResourceCompile:
         All outputs are up-to-date.
       Link:
         c:\Program Files (x86)\Microsoft Visual Studio 10.0\VC\bin\link.exe /ERRORREPORT:PROMPT /OUT:"Release\Psm.exe" /INCREMENTAL /NOLOGO /LIBPATH:.\FLTK\lib fltk.lib fltkgl.lib fltkimages.lib comctl32.lib odbc32.lib odbccp32.lib opengl32.lib glu32.lib wsock32.lib kernel32.lib user32.lib gdi32.lib winspool.lib comdlg32.lib advapi32.lib shell32.lib ole32.lib oleaut32.lib uuid.lib odbc32.lib odbccp32.lib /NODEFAULTLIB:libcd /MANIFEST /ManifestFile:"Release\Psm.exe.intermediate.manifest" /MANIFESTUAC:"level='asInvoker' uiAccess='false'" /PDB:"C:\Users\Anton\Documents\GitHub\cse455\Project3\skeleton\PSM\Release\Psm.pdb" /SUBSYSTEM:CONSOLE /TLBID:1 /DYNAMICBASE /NXCOMPAT /IMPLIB:"Release\Psm.lib" /MACHINE:X86 Release\Psm.exe.embed.manifest.res
         Release\Albedos.obj
         Release\Depths.obj
         Release\ImageOps.obj
         Release\LightDirs.obj
         Release\Normals.obj
         Release\PsmApp.obj
         Release\PsmMain.obj
         Release\PsmUI.obj
         Release\PsmView.obj
         Release\FileIO.obj
         Release\Image.obj
         Release\RefCntMem.obj
       Manifest:
         C:\Program Files (x86)\Microsoft SDKs\Windows\v7.0A\bin\mt.exe /nologo /verbose /out:"Release\Psm.exe.embed.manifest" /manifest Release\Psm.exe.intermediate.manifest
         All outputs are up-to-date.
       LinkEmbedManifest:
         All outputs are up-to-date.
         Psm.vcxproj -> C:\Users\Anton\Documents\GitHub\cse455\Project3\skeleton\PSM\Release\Psm.exe
       FinalizeBuildStatus:
         Deleting file "Release\Psm.unsuccessfulbuild".
         Touching "Release\Psm.lastbuildstate".
     1>Done Building Project "C:\Users\Anton\Documents\GitHub\cse455\Project3\skeleton\PSM\Psm.vcxproj" (build target(s)).

Build succeeded.

Time Elapsed 00:00:00.81
