Build started 11/18/2012 10:08:28 AM.
     1>Project "C:\Users\Anton\Documents\GitHub\cse455\Project3\skeleton\PSM\Psm.vcxproj" on node 2 (build target(s)).
     1>InitializeBuildStatus:
         Creating "Debug\Psm.unsuccessfulbuild" because "AlwaysCreate" was specified.
       ClCompile:
         c:\Program Files (x86)\Microsoft Visual Studio 10.0\VC\bin\CL.exe /c /I.\FLTK\ /Zi /nologo /W3 /WX- /Od /Oy- /D WIN32 /D _DEBUG /D _CONSOLE /D _CRT_SECURE_NO_WARNINGS /D _VC80_UPGRADE=0x0710 /D _MBCS /Gm- /EHsc /RTC1 /MDd /GS /fp:precise /Zc:wchar_t /Zc:forScope /Fo"Debug\\" /Fd"C:\Users\Anton\Documents\GitHub\cse455\Project3\skeleton\PSM\Debug\Psm.pdb" /Gd /TP /analyze- /errorReport:prompt src\Depths.cpp
         Depths.cpp
     1>src\Depths.cpp(73): warning C4244: 'argument' : conversion from 'double' to 'int', possible loss of data
     1>src\Depths.cpp(74): warning C4244: 'argument' : conversion from 'double' to 'int', possible loss of data
     1>src\Depths.cpp(76): warning C4244: 'argument' : conversion from 'double' to 'int', possible loss of data
     1>src\Depths.cpp(77): warning C4244: 'argument' : conversion from 'double' to 'int', possible loss of data
     1>src\Depths.cpp(46): warning C4101: 'i' : unreferenced local variable
     1>src\Depths.cpp(46): warning C4101: 'j' : unreferenced local variable
     1>src\Depths.cpp(112): warning C4244: 'argument' : conversion from 'double' to 'const int', possible loss of data
     1>src\Depths.cpp(113): warning C4244: 'argument' : conversion from 'double' to 'const int', possible loss of data
     1>src\Depths.cpp(90): warning C4101: 'i' : unreferenced local variable
     1>src\Depths.cpp(90): warning C4101: 'j' : unreferenced local variable
       ManifestResourceCompile:
         All outputs are up-to-date.
       Link:
         c:\Program Files (x86)\Microsoft Visual Studio 10.0\VC\bin\link.exe /ERRORREPORT:PROMPT /OUT:"Debug\Psm.exe" /INCREMENTAL /NOLOGO /LIBPATH:.\FLTK\lib fltkd.lib fltkgld.lib fltkimagesd.lib comctl32.lib odbc32.lib odbccp32.lib opengl32.lib glu32.lib wsock32.lib kernel32.lib user32.lib gdi32.lib winspool.lib comdlg32.lib advapi32.lib shell32.lib ole32.lib oleaut32.lib uuid.lib odbc32.lib odbccp32.lib /NODEFAULTLIB:libcd /MANIFEST /ManifestFile:"Debug\Psm.exe.intermediate.manifest" /MANIFESTUAC:"level='asInvoker' uiAccess='false'" /DEBUG /PDB:"C:\Users\Anton\Documents\GitHub\cse455\Project3\skeleton\PSM\Debug\Psm.pdb" /SUBSYSTEM:CONSOLE /TLBID:1 /DYNAMICBASE /NXCOMPAT /IMPLIB:"Debug\Psm.lib" /MACHINE:X86 Debug\Psm.exe.embed.manifest.res
         Debug\Albedos.obj
         Debug\Depths.obj
         Debug\ImageOps.obj
         Debug\LightDirs.obj
         Debug\Normals.obj
         Debug\PsmApp.obj
         Debug\PsmMain.obj
         Debug\PsmUI.obj
         Debug\PsmView.obj
         Debug\FileIO.obj
         Debug\Image.obj
         Debug\RefCntMem.obj
       Manifest:
         C:\Program Files (x86)\Microsoft SDKs\Windows\v7.0A\bin\mt.exe /nologo /verbose /out:"Debug\Psm.exe.embed.manifest" /manifest Debug\Psm.exe.intermediate.manifest
         All outputs are up-to-date.
       LinkEmbedManifest:
         All outputs are up-to-date.
         Psm.vcxproj -> C:\Users\Anton\Documents\GitHub\cse455\Project3\skeleton\PSM\Debug\Psm.exe
       FinalizeBuildStatus:
         Deleting file "Debug\Psm.unsuccessfulbuild".
         Touching "Debug\Psm.lastbuildstate".
     1>Done Building Project "C:\Users\Anton\Documents\GitHub\cse455\Project3\skeleton\PSM\Psm.vcxproj" (build target(s)).

Build succeeded.

Time Elapsed 00:00:03.13
