.\Debug\iScissor.ilk
.\Debug\iScissor.pdb
C:\Users\Anton\Documents\School\SeniorYear\CSE455\skeleton\skeleton\.\Debug\iScissor.exe
C:\Users\Anton\Documents\School\SeniorYear\CSE455\skeleton\skeleton\.\Debug\iScissor.exe.intermediate.manifest
C:\USERS\ANTON\DOCUMENTS\SCHOOL\SENIORYEAR\CSE455\SKELETON\SKELETON\DEBUG\BRUSHCONFIGUI.OBJ
C:\Users\Anton\Documents\School\SeniorYear\CSE455\skeleton\skeleton\Debug\cl.command.1.tlog
C:\Users\Anton\Documents\School\SeniorYear\CSE455\skeleton\skeleton\Debug\CL.read.1.tlog
C:\Users\Anton\Documents\School\SeniorYear\CSE455\skeleton\skeleton\Debug\CL.write.1.tlog
C:\USERS\ANTON\DOCUMENTS\SCHOOL\SENIORYEAR\CSE455\SKELETON\SKELETON\DEBUG\CORRELATION.OBJ
C:\USERS\ANTON\DOCUMENTS\SCHOOL\SENIORYEAR\CSE455\SKELETON\SKELETON\DEBUG\FILEIO.OBJ
C:\USERS\ANTON\DOCUMENTS\SCHOOL\SENIORYEAR\CSE455\SKELETON\SKELETON\DEBUG\FLTDESIGNUI.OBJ
C:\USERS\ANTON\DOCUMENTS\SCHOOL\SENIORYEAR\CSE455\SKELETON\SKELETON\DEBUG\HELPPAGEUI.OBJ
C:\USERS\ANTON\DOCUMENTS\SCHOOL\SENIORYEAR\CSE455\SKELETON\SKELETON\DEBUG\IMAGE.OBJ
C:\USERS\ANTON\DOCUMENTS\SCHOOL\SENIORYEAR\CSE455\SKELETON\SKELETON\DEBUG\IMGFILTERUI.OBJ
C:\USERS\ANTON\DOCUMENTS\SCHOOL\SENIORYEAR\CSE455\SKELETON\SKELETON\DEBUG\IMGFLTAUX.OBJ
C:\USERS\ANTON\DOCUMENTS\SCHOOL\SENIORYEAR\CSE455\SKELETON\SKELETON\DEBUG\IMGFLTMAIN.OBJ
C:\USERS\ANTON\DOCUMENTS\SCHOOL\SENIORYEAR\CSE455\SKELETON\SKELETON\DEBUG\IMGVIEW.OBJ
C:\USERS\ANTON\DOCUMENTS\SCHOOL\SENIORYEAR\CSE455\SKELETON\SKELETON\DEBUG\ISCISSOR.EXE
C:\USERS\ANTON\DOCUMENTS\SCHOOL\SENIORYEAR\CSE455\SKELETON\SKELETON\DEBUG\ISCISSOR.EXE.EMBED.MANIFEST
C:\USERS\ANTON\DOCUMENTS\SCHOOL\SENIORYEAR\CSE455\SKELETON\SKELETON\DEBUG\ISCISSOR.EXE.EMBED.MANIFEST.RES
C:\USERS\ANTON\DOCUMENTS\SCHOOL\SENIORYEAR\CSE455\SKELETON\SKELETON\DEBUG\ISCISSOR.EXE.INTERMEDIATE.MANIFEST
C:\USERS\ANTON\DOCUMENTS\SCHOOL\SENIORYEAR\CSE455\SKELETON\SKELETON\DEBUG\ISCISSOR.ILK
C:\USERS\ANTON\DOCUMENTS\SCHOOL\SENIORYEAR\CSE455\SKELETON\SKELETON\DEBUG\ISCISSOR.OBJ
C:\USERS\ANTON\DOCUMENTS\SCHOOL\SENIORYEAR\CSE455\SKELETON\SKELETON\DEBUG\ISCISSOR.PDB
C:\Users\Anton\Documents\School\SeniorYear\CSE455\skeleton\skeleton\Debug\iScissor_manifest.rc
C:\Users\Anton\Documents\School\SeniorYear\CSE455\skeleton\skeleton\Debug\link.4804.read.1.tlog
C:\Users\Anton\Documents\School\SeniorYear\CSE455\skeleton\skeleton\Debug\link.4804.write.1.tlog
C:\Users\Anton\Documents\School\SeniorYear\CSE455\skeleton\skeleton\Debug\link.4804-cvtres.read.1.tlog
C:\Users\Anton\Documents\School\SeniorYear\CSE455\skeleton\skeleton\Debug\link.4804-cvtres.write.1.tlog
C:\Users\Anton\Documents\School\SeniorYear\CSE455\skeleton\skeleton\Debug\link.8584.read.1.tlog
C:\Users\Anton\Documents\School\SeniorYear\CSE455\skeleton\skeleton\Debug\link.8584.write.1.tlog
C:\Users\Anton\Documents\School\SeniorYear\CSE455\skeleton\skeleton\Debug\link.8584-cvtres.read.1.tlog
C:\Users\Anton\Documents\School\SeniorYear\CSE455\skeleton\skeleton\Debug\link.8584-cvtres.write.1.tlog
C:\Users\Anton\Documents\School\SeniorYear\CSE455\skeleton\skeleton\Debug\link.command.1.tlog
C:\Users\Anton\Documents\School\SeniorYear\CSE455\skeleton\skeleton\Debug\link.read.1.tlog
C:\Users\Anton\Documents\School\SeniorYear\CSE455\skeleton\skeleton\Debug\link.write.1.tlog
C:\Users\Anton\Documents\School\SeniorYear\CSE455\skeleton\skeleton\Debug\link-cvtres.read.1.tlog
C:\Users\Anton\Documents\School\SeniorYear\CSE455\skeleton\skeleton\Debug\link-cvtres.write.1.tlog
C:\Users\Anton\Documents\School\SeniorYear\CSE455\skeleton\skeleton\Debug\mt.command.1.tlog
C:\Users\Anton\Documents\School\SeniorYear\CSE455\skeleton\skeleton\Debug\mt.read.1.tlog
C:\Users\Anton\Documents\School\SeniorYear\CSE455\skeleton\skeleton\Debug\mt.write.1.tlog
C:\Users\Anton\Documents\School\SeniorYear\CSE455\skeleton\skeleton\Debug\rc.command.1.tlog
C:\Users\Anton\Documents\School\SeniorYear\CSE455\skeleton\skeleton\Debug\rc.read.1.tlog
C:\Users\Anton\Documents\School\SeniorYear\CSE455\skeleton\skeleton\Debug\rc.write.1.tlog
C:\USERS\ANTON\DOCUMENTS\SCHOOL\SENIORYEAR\CSE455\SKELETON\SKELETON\DEBUG\REFCNTMEM.OBJ
C:\USERS\ANTON\DOCUMENTS\SCHOOL\SENIORYEAR\CSE455\SKELETON\SKELETON\DEBUG\SCISSORPANELUI.OBJ
C:\Users\Anton\Documents\School\SeniorYear\CSE455\skeleton\skeleton\Debug\vc100.idb
C:\USERS\ANTON\DOCUMENTS\SCHOOL\SENIORYEAR\CSE455\SKELETON\SKELETON\DEBUG\VC100.PDB
